<?xml version="1.0" encoding="UTF-8"?>
<!-- Generated by org.testng.reporters.JUnitXMLReporter -->
<testsuite ignored="0" hostname="RAMYAs-MacBook-Air.local" failures="0" tests="3" name="submit order Test" time="13.657" errors="0" timestamp="2025-05-29T11:04:04 IST">
  <testcase classname="kalyani.websitetest.tests.SubmitOrderTest" name="submitOrder" time="3.27"/>
  <testcase classname="kalyani.websitetest.tests.SubmitOrderTest" name="submitOrder" time="3.191"/>
  <testcase classname="kalyani.websitetest.tests.SubmitOrderTest" name="ordersList" time="0.377"/>
</testsuite> <!-- submit order Test -->
