<?xml version="1.0" encoding="UTF-8"?>
<!-- Generated by org.testng.reporters.JUnitXMLReporter -->
<testsuite ignored="2" hostname="RAMYAs-MacBook-Air.local" failures="0" tests="0" time="0.003" errors="0" timestamp="2025-05-29T16:07:42 IST">
  <testcase classname="kalyani.websitetest.tests.ErrorValidation" name="loginValidation" time="0.0">
    <ignored/>
  </testcase> <!-- loginValidation -->
  <testcase classname="kalyani.websitetest.tests.ErrorValidation" name="productErrorValidation" time="0.0">
    <ignored/>
  </testcase> <!-- productErrorValidation -->
</testsuite>
