<?xml version="1.0" encoding="UTF-8"?>
<!-- Generated by org.testng.reporters.JUnitXMLReporter -->
<testsuite ignored="1" hostname="RAMYAs-MacBook-Air.local" failures="0" tests="2" name="submit order Test" time="12.634" errors="0" timestamp="2025-05-29T16:07:54 IST">
  <testcase classname="kalyani.websitetest.tests.SubmitOrderTest" name="submitOrder" time="3.265"/>
  <testcase classname="kalyani.websitetest.tests.SubmitOrderTest" name="submitOrder" time="4.601"/>
  <testcase classname="kalyani.websitetest.tests.SubmitOrderTest" name="ordersList" time="0.0">
    <ignored/>
  </testcase> <!-- ordersList -->
</testsuite> <!-- submit order Test -->
