<?xml version="1.0" encoding="UTF-8"?>
<testng-results ignored="0" total="1" passed="1" failed="0" skipped="0">
  <reporter-output>
  </reporter-output>
  <suite started-at="2025-06-01T15:38:46 IST" name="Surefire suite" finished-at="2025-06-01T15:38:50 IST" duration-ms="3384">
    <groups>
      <group name="cucumber">
        <method signature="AbstractTestNGCucumberTests.runScenario(io.cucumber.testng.PickleWrapper,io.cucumber.testng.FeatureWrapper)[pri:0, instance:cucumber.TestngTestRunner@ef9296d]" name="runScenario" class="io.cucumber.testng.AbstractTestNGCucumberTests"/>
      </group> <!-- cucumber -->
    </groups>
    <test started-at="2025-06-01T15:38:46 IST" name="Surefire test" finished-at="2025-06-01T15:38:50 IST" duration-ms="3384">
      <class name="cucumber.TestngTestRunner">
        <test-method is-config="true" signature="setUpClass(org.testng.ITestContext)[pri:0, instance:cucumber.TestngTestRunner@ef9296d]" started-at="2025-06-01T15:38:46 IST" name="setUpClass" finished-at="2025-06-01T15:38:47 IST" duration-ms="224" status="PASS">
          <params>
            <param index="0">
              <value>
                <![CDATA[org.testng.TestRunner@56afdf9a]]>
              </value>
            </param>
          </params>
          <reporter-output>
          </reporter-output>
        </test-method> <!-- setUpClass -->
        <test-method signature="runScenario(io.cucumber.testng.PickleWrapper,io.cucumber.testng.FeatureWrapper)[pri:0, instance:cucumber.TestngTestRunner@ef9296d]" started-at="2025-06-01T15:38:47 IST" name="runScenario" description="Runs Cucumber Scenarios" data-provider="scenarios" finished-at="2025-06-01T15:38:50 IST" duration-ms="3130" status="PASS">
          <params>
            <param index="0">
              <value>
                <![CDATA["validating credentilas"]]>
              </value>
            </param>
            <param index="1">
              <value>
                <![CDATA["Validating login"]]>
              </value>
            </param>
          </params>
          <reporter-output>
          </reporter-output>
        </test-method> <!-- runScenario -->
        <test-method is-config="true" signature="tearDownClass()[pri:0, instance:cucumber.TestngTestRunner@ef9296d]" started-at="2025-06-01T15:38:50 IST" name="tearDownClass" finished-at="2025-06-01T15:38:50 IST" duration-ms="16" status="PASS">
          <reporter-output>
          </reporter-output>
        </test-method> <!-- tearDownClass -->
      </class> <!-- cucumber.TestngTestRunner -->
    </test> <!-- Surefire test -->
  </suite> <!-- Surefire suite -->
</testng-results>
